(---------------------------------------------------------------------)
(                                                                     )
(    Allegro Netrev Import Logic                                      )
(                                                                     )
(    Drawing          : mono_amplifier.brd                            )
(    Software Version : 22.1P001                                      )
(    Date/Time        : Fri May  9 11:03:53 2025                      )
(                                                                     )
(---------------------------------------------------------------------)


------ Directives ------------

Ripup etch:                  No
Ripup delete first segment:  No
Ripup retain bondwire:       No
Ripup symbols:               Always
Missing symbol has error:    No
DRC update:                  Yes
Schematic directory:         'C:\Users\Japhe\OneDrive\Desktop\Other\PCB\Mono_amplifier\allegro'
Design Directory:            'C:/Users/Japhe/OneDrive/Desktop/Other/PCB/Mono_amplifier/allegro'
Old design name:             'C:/Users/Japhe/OneDrive/Desktop/Other/PCB/Mono_amplifier/allegro/mono_amplifier.brd'
New design name:             'C:/Users/Japhe/OneDrive/Desktop/Other/PCB/Mono_amplifier/allegro/mono_amplifier.brd'

CmdLine: netrev.exe -y 1 -n -i C:\Users\Japhe\OneDrive\Desktop\Other\PCB\Mono_amplifier\allegro C:/Users/Japhe/OneDrive/Desktop/Other/PCB/Mono_amplifier/allegro/mono_amplifier.brd C:/Users/Japhe/OneDrive/Desktop/Other/PCB/Mono_amplifier/allegro/mono_amplifier.brd

------ Preparing to read pst files ------

Starting to read C:/Users/Japhe/OneDrive/Desktop/Other/PCB/Mono_amplifier/allegro/pstchip.dat 
   Finished reading C:/Users/Japhe/OneDrive/Desktop/Other/PCB/Mono_amplifier/allegro/pstchip.dat (00:00:00.02)
Starting to read C:/Users/Japhe/OneDrive/Desktop/Other/PCB/Mono_amplifier/allegro/pstxprt.dat 
   Finished reading C:/Users/Japhe/OneDrive/Desktop/Other/PCB/Mono_amplifier/allegro/pstxprt.dat (00:00:00.00)
Starting to read C:/Users/Japhe/OneDrive/Desktop/Other/PCB/Mono_amplifier/allegro/pstxnet.dat 
   Finished reading C:/Users/Japhe/OneDrive/Desktop/Other/PCB/Mono_amplifier/allegro/pstxnet.dat (00:00:00.00)

------ Oversights/Warnings/Errors ------


#1   WARNING(SPMHNI-192): Device/Symbol check warning detected. [help]

WARNING(SPMHNI-337): Unable to load symbol 'CAPAE1030X1000N' used by RefDes C4 for device 'PCV1V101MCL1GS_CAPAE1030X1000N_PCV1V101MCL1GS': WARNING(SPMHUT-127): Could not find padstack S_R376T192D2M376_192P376_19.
    due to ERROR(SPMHDB-273): Unable to load shape symbol PS_R376_192_D250 (Check PSMPA

     Could not find padstack S_R376T192D2M376_192P376_19.

------ Library Paths ------
MODULEPATH =  . 
           C:/Cadence/SPB_22.1/share/local/pcb/modules 

PSMPATH =  . 
           . 
           symbols 
           .. 
           ../symbols 
           C:/Cadence/SPB_22.1/share/local/pcb/symbols 
           C:/Cadence/SPB_22.1/share/pcb/pcb_lib/symbols 
           C:/Cadence/SPB_22.1/share/pcb/allegrolib/symbols 
           C:/OrCAD 

PADPATH =  . 
           . 
           symbols 
           .. 
           ../symbols 
           C:/Cadence/SPB_22.1/share/local/pcb/padstacks 
           C:/Cadence/SPB_22.1/share/pcb/pcb_lib/symbols 
           C:/Cadence/SPB_22.1/share/pcb/allegrolib/symbols 
           C:/OrCAD 


------ Summary Statistics ------


netrev run on May 9 11:03:53 2025
   DESIGN NAME : 'MONO_AMPLIFIER'
   PACKAGING ON Oct  6 2022 20:42:06

   COMPILE 'logic'
   CHECK_PIN_NAMES OFF
   CROSS_REFERENCE OFF
   FEEDBACK OFF
   INCREMENTAL OFF
   INTERFACE_TYPE PHYSICAL
   MAX_ERRORS 500
   MERGE_MINIMUM 5
   NET_NAME_CHARS '#%&()*+-./:=>?@[]^_`|'
   NET_NAME_LENGTH 24
   OVERSIGHTS ON
   REPLACE_CHECK OFF
   SINGLE_NODE_NETS ON
   SPLIT_MINIMUM 0
   SUPPRESS   20
   WARNINGS ON

 No error detected
 No oversight detected
  1 warnings detected

cpu time      0:00:24
elapsed time  0:00:00

